2017/08/25 17:01:27,619  INFO [main] - begin load httpserver.properties
2017/08/25 17:01:27,627  INFO [main] - load httpserver.properties finished
2017/08/25 17:01:27,708 DEBUG [main] - Adding [systemProperties] PropertySource with lowest search precedence
2017/08/25 17:01:27,710 DEBUG [main] - Adding [systemEnvironment] PropertySource with lowest search precedence
2017/08/25 17:01:27,710 DEBUG [main] - Initialized StandardEnvironment with PropertySources [systemProperties,systemEnvironment]
2017/08/25 17:01:27,714  INFO [main] - Refreshing org.springframework.context.support.ClassPathXmlApplicationContext@54b5c292: startup date [Fri Aug 25 17:01:27 CST 2017]; root of context hierarchy
2017/08/25 17:01:27,743 DEBUG [main] - Adding [systemProperties] PropertySource with lowest search precedence
2017/08/25 17:01:27,743 DEBUG [main] - Adding [systemEnvironment] PropertySource with lowest search precedence
2017/08/25 17:01:27,743 DEBUG [main] - Initialized StandardEnvironment with PropertySources [systemProperties,systemEnvironment]
2017/08/25 17:01:27,752  INFO [main] - Loading XML bean definitions from class path resource [applicationContext.xml]
2017/08/25 17:01:27,765 DEBUG [main] - Using JAXP provider [com.sun.org.apache.xerces.internal.jaxp.DocumentBuilderFactoryImpl]
2017/08/25 17:01:27,791 DEBUG [main] - Loading schema mappings from [META-INF/spring.schemas]
2017/08/25 17:01:27,819 DEBUG [main] - Loaded schema mappings: {http://www.springframework.org/schema/cache/spring-cache-4.2.xsd=org/springframework/cache/config/spring-cache-4.2.xsd, http://www.springframework.org/schema/aop/spring-aop-4.1.xsd=org/springframework/aop/config/spring-aop-4.1.xsd, http://www.springframework.org/schema/context/spring-context-3.1.xsd=org/springframework/context/config/spring-context-3.1.xsd, http://www.springframework.org/schema/util/spring-util-3.0.xsd=org/springframework/beans/factory/xml/spring-util-3.0.xsd, http://www.springframework.org/schema/tool/spring-tool.xsd=org/springframework/beans/factory/xml/spring-tool-4.2.xsd, http://www.springframework.org/schema/aop/spring-aop-3.2.xsd=org/springframework/aop/config/spring-aop-3.2.xsd, http://www.springframework.org/schema/lang/spring-lang-4.1.xsd=org/springframework/scripting/config/spring-lang-4.1.xsd, http://www.springframework.org/schema/context/spring-context-4.0.xsd=org/springframework/context/config/spring-context-4.0.xsd, http://www.springframework.org/schema/beans/spring-beans-4.2.xsd=org/springframework/beans/factory/xml/spring-beans-4.2.xsd, http://www.springframework.org/schema/tool/spring-tool-4.1.xsd=org/springframework/beans/factory/xml/spring-tool-4.1.xsd, http://www.springframework.org/schema/lang/spring-lang-3.2.xsd=org/springframework/scripting/config/spring-lang-3.2.xsd, http://www.springframework.org/schema/cache/spring-cache-3.2.xsd=org/springframework/cache/config/spring-cache-3.2.xsd, http://www.springframework.org/schema/jee/spring-jee-4.1.xsd=org/springframework/ejb/config/spring-jee-4.1.xsd, http://www.springframework.org/schema/util/spring-util-2.0.xsd=org/springframework/beans/factory/xml/spring-util-2.0.xsd, http://www.springframework.org/schema/task/spring-task-4.2.xsd=org/springframework/scheduling/config/spring-task-4.2.xsd, http://www.springframework.org/schema/tool/spring-tool-3.2.xsd=org/springframework/beans/factory/xml/spring-tool-3.2.xsd, http://www.springframework.org/schema/context/spring-context.xsd=org/springframework/context/config/spring-context-4.2.xsd, http://www.springframework.org/schema/cache/spring-cache-4.1.xsd=org/springframework/cache/config/spring-cache-4.1.xsd, http://www.springframework.org/schema/aop/spring-aop-4.0.xsd=org/springframework/aop/config/spring-aop-4.0.xsd, http://www.springframework.org/schema/jee/spring-jee-3.2.xsd=org/springframework/ejb/config/spring-jee-3.2.xsd, http://www.springframework.org/schema/context/spring-context-3.0.xsd=org/springframework/context/config/spring-context-3.0.xsd, http://www.springframework.org/schema/util/spring-util-2.5.xsd=org/springframework/beans/factory/xml/spring-util-2.5.xsd, http://www.springframework.org/schema/beans/spring-beans-3.2.xsd=org/springframework/beans/factory/xml/spring-beans-3.2.xsd, http://www.springframework.org/schema/aop/spring-aop-3.1.xsd=org/springframework/aop/config/spring-aop-3.1.xsd, http://www.springframework.org/schema/lang/spring-lang-4.0.xsd=org/springframework/scripting/config/spring-lang-4.0.xsd, http://www.springframework.org/schema/beans/spring-beans-4.1.xsd=org/springframework/beans/factory/xml/spring-beans-4.1.xsd, http://www.springframework.org/schema/tool/spring-tool-4.0.xsd=org/springframework/beans/factory/xml/spring-tool-4.0.xsd, http://www.springframework.org/schema/lang/spring-lang-3.1.xsd=org/springframework/scripting/config/spring-lang-3.1.xsd, http://www.springframework.org/schema/cache/spring-cache-3.1.xsd=org/springframework/cache/config/spring-cache-3.1.xsd, http://www.springframework.org/schema/jee/spring-jee-4.0.xsd=org/springframework/ejb/config/spring-jee-4.0.xsd, http://www.springframework.org/schema/task/spring-task-4.1.xsd=org/springframework/scheduling/config/spring-task-4.1.xsd, http://www.springframework.org/schema/tool/spring-tool-3.1.xsd=org/springframework/beans/factory/xml/spring-tool-3.1.xsd, http://www.springframework.org/schema/cache/spring-cache-4.0.xsd=org/springframework/cache/config/spring-cache-4.0.xsd, http://code.alibabatech.com/schema/dubbo/dubbo.xsd=META-INF/dubbo.xsd, http://www.springframework.org/schema/jee/spring-jee-3.1.xsd=org/springframework/ejb/config/spring-jee-3.1.xsd, http://www.springframework.org/schema/task/spring-task-3.2.xsd=org/springframework/scheduling/config/spring-task-3.2.xsd, http://www.springframework.org/schema/util/spring-util-4.2.xsd=org/springframework/beans/factory/xml/spring-util-4.2.xsd, http://www.springframework.org/schema/beans/spring-beans-3.1.xsd=org/springframework/beans/factory/xml/spring-beans-3.1.xsd, http://www.springframework.org/schema/util/spring-util.xsd=org/springframework/beans/factory/xml/spring-util-4.2.xsd, http://www.springframework.org/schema/aop/spring-aop-3.0.xsd=org/springframework/aop/config/spring-aop-3.0.xsd, http://www.springframework.org/schema/beans/spring-beans-4.0.xsd=org/springframework/beans/factory/xml/spring-beans-4.0.xsd, http://www.springframework.org/schema/beans/spring-beans.xsd=org/springframework/beans/factory/xml/spring-beans-4.2.xsd, http://www.springframework.org/schema/lang/spring-lang-3.0.xsd=org/springframework/scripting/config/spring-lang-3.0.xsd, http://www.springframework.org/schema/context/spring-context-2.5.xsd=org/springframework/context/config/spring-context-2.5.xsd, http://www.springframework.org/schema/task/spring-task-4.0.xsd=org/springframework/scheduling/config/spring-task-4.0.xsd, http://www.springframework.org/schema/tool/spring-tool-3.0.xsd=org/springframework/beans/factory/xml/spring-tool-3.0.xsd, http://www.springframework.org/schema/aop/spring-aop-2.0.xsd=org/springframework/aop/config/spring-aop-2.0.xsd, http://www.springframework.org/schema/jee/spring-jee-3.0.xsd=org/springframework/ejb/config/spring-jee-3.0.xsd, http://www.springframework.org/schema/util/spring-util-4.1.xsd=org/springframework/beans/factory/xml/spring-util-4.1.xsd, http://www.springframework.org/schema/task/spring-task-3.1.xsd=org/springframework/scheduling/config/spring-task-3.1.xsd, http://www.springframework.org/schema/beans/spring-beans-3.0.xsd=org/springframework/beans/factory/xml/spring-beans-3.0.xsd, http://www.springframework.org/schema/jee/spring-jee.xsd=org/springframework/ejb/config/spring-jee-4.2.xsd, http://www.springframework.org/schema/aop/spring-aop-2.5.xsd=org/springframework/aop/config/spring-aop-2.5.xsd, http://www.springframework.org/schema/lang/spring-lang-2.0.xsd=org/springframework/scripting/config/spring-lang-2.0.xsd, http://www.springframework.org/schema/util/spring-util-3.2.xsd=org/springframework/beans/factory/xml/spring-util-3.2.xsd, http://www.springframework.org/schema/task/spring-task.xsd=org/springframework/scheduling/config/spring-task-4.2.xsd, http://www.springframework.org/schema/tool/spring-tool-2.0.xsd=org/springframework/beans/factory/xml/spring-tool-2.0.xsd, http://www.springframework.org/schema/lang/spring-lang-2.5.xsd=org/springframework/scripting/config/spring-lang-2.5.xsd, http://www.springframework.org/schema/context/spring-context-4.2.xsd=org/springframework/context/config/spring-context-4.2.xsd, http://www.springframework.org/schema/jee/spring-jee-2.0.xsd=org/springframework/ejb/config/spring-jee-2.0.xsd, http://www.springframework.org/schema/tool/spring-tool-2.5.xsd=org/springframework/beans/factory/xml/spring-tool-2.5.xsd, http://www.springframework.org/schema/jee/spring-jee-2.5.xsd=org/springframework/ejb/config/spring-jee-2.5.xsd, http://www.springframework.org/schema/util/spring-util-4.0.xsd=org/springframework/beans/factory/xml/spring-util-4.0.xsd, http://www.springframework.org/schema/task/spring-task-3.0.xsd=org/springframework/scheduling/config/spring-task-3.0.xsd, http://www.springframework.org/schema/aop/spring-aop-4.2.xsd=org/springframework/aop/config/spring-aop-4.2.xsd, http://www.springframework.org/schema/lang/spring-lang.xsd=org/springframework/scripting/config/spring-lang-4.2.xsd, http://www.springframework.org/schema/context/spring-context-3.2.xsd=org/springframework/context/config/spring-context-3.2.xsd, http://www.springframework.org/schema/util/spring-util-3.1.xsd=org/springframework/beans/factory/xml/spring-util-3.1.xsd, http://www.springframework.org/schema/beans/spring-beans-2.0.xsd=org/springframework/beans/factory/xml/spring-beans-2.0.xsd, http://www.springframework.org/schema/cache/spring-cache.xsd=org/springframework/cache/config/spring-cache-4.2.xsd, http://www.springframework.org/schema/lang/spring-lang-4.2.xsd=org/springframework/scripting/config/spring-lang-4.2.xsd, http://www.springframework.org/schema/context/spring-context-4.1.xsd=org/springframework/context/config/spring-context-4.1.xsd, http://www.springframework.org/schema/beans/spring-beans-2.5.xsd=org/springframework/beans/factory/xml/spring-beans-2.5.xsd, http://www.springframework.org/schema/tool/spring-tool-4.2.xsd=org/springframework/beans/factory/xml/spring-tool-4.2.xsd, http://www.springframework.org/schema/jee/spring-jee-4.2.xsd=org/springframework/ejb/config/spring-jee-4.2.xsd, http://www.springframework.org/schema/aop/spring-aop.xsd=org/springframework/aop/config/spring-aop-4.2.xsd}
2017/08/25 17:01:27,820 DEBUG [main] - Found XML schema [http://www.springframework.org/schema/beans/spring-beans.xsd] in classpath: org/springframework/beans/factory/xml/spring-beans-4.2.xsd
2017/08/25 17:01:27,864 DEBUG [main] - Loading bean definitions
2017/08/25 17:01:27,872  INFO [main] - Loading XML bean definitions from class path resource [dubbo-consumer.xml]
2017/08/25 17:01:27,873 DEBUG [main] - Using JAXP provider [com.sun.org.apache.xerces.internal.jaxp.DocumentBuilderFactoryImpl]
2017/08/25 17:01:27,875 DEBUG [main] - Found XML schema [http://www.springframework.org/schema/beans/spring-beans-3.1.xsd] in classpath: org/springframework/beans/factory/xml/spring-beans-3.1.xsd
2017/08/25 17:01:27,892 DEBUG [main] - Found XML schema [http://code.alibabatech.com/schema/dubbo/dubbo.xsd] in classpath: META-INF/dubbo.xsd
2017/08/25 17:01:27,916 DEBUG [main] - Loading bean definitions
2017/08/25 17:01:27,918 DEBUG [main] - Loaded NamespaceHandler mappings: {http://www.springframework.org/schema/p=org.springframework.beans.factory.xml.SimplePropertyNamespaceHandler, http://www.springframework.org/schema/util=org.springframework.beans.factory.xml.UtilNamespaceHandler, http://code.alibabatech.com/schema/dubbo=com.alibaba.dubbo.config.spring.schema.DubboNamespaceHandler, http://www.springframework.org/schema/jee=org.springframework.ejb.config.JeeNamespaceHandler, http://www.springframework.org/schema/aop=org.springframework.aop.config.AopNamespaceHandler, http://www.springframework.org/schema/cache=org.springframework.cache.config.CacheNamespaceHandler, http://www.springframework.org/schema/c=org.springframework.beans.factory.xml.SimpleConstructorNamespaceHandler, http://www.springframework.org/schema/task=org.springframework.scheduling.config.TaskNamespaceHandler, http://www.springframework.org/schema/lang=org.springframework.scripting.config.LangNamespaceHandler, http://www.springframework.org/schema/context=org.springframework.context.config.ContextNamespaceHandler}
2017/08/25 17:01:27,923  INFO [main] - using logger: com.alibaba.dubbo.common.logger.log4j.Log4jLoggerAdapter
2017/08/25 17:01:27,949 DEBUG [main] - Imported 3 bean definitions from relative location [dubbo-consumer.xml]
2017/08/25 17:01:27,950 DEBUG [main] - Loaded 3 bean definitions from location pattern [applicationContext.xml]
2017/08/25 17:01:27,950 DEBUG [main] - Bean factory for org.springframework.context.support.ClassPathXmlApplicationContext@54b5c292: org.springframework.beans.factory.support.DefaultListableBeanFactory@17d33c09: defining beans [test_consumer,com.alibaba.dubbo.config.RegistryConfig,globalService]; root of factory hierarchy
2017/08/25 17:01:27,965 DEBUG [main] - Unable to locate MessageSource with name 'messageSource': using default [org.springframework.context.support.DelegatingMessageSource@64bb8a39]
2017/08/25 17:01:27,966 DEBUG [main] - Unable to locate ApplicationEventMulticaster with name 'applicationEventMulticaster': using default [org.springframework.context.event.SimpleApplicationEventMulticaster@4d48f152]
2017/08/25 17:01:27,967 DEBUG [main] - Pre-instantiating singletons in org.springframework.beans.factory.support.DefaultListableBeanFactory@17d33c09: defining beans [test_consumer,com.alibaba.dubbo.config.RegistryConfig,globalService]; root of factory hierarchy
2017/08/25 17:01:27,968 DEBUG [main] - Creating shared instance of singleton bean 'test_consumer'
2017/08/25 17:01:27,968 DEBUG [main] - Creating instance of bean 'test_consumer'
2017/08/25 17:01:27,979 DEBUG [main] - Eagerly caching bean 'test_consumer' to allow for resolving potential circular references
2017/08/25 17:01:28,009 DEBUG [main] - Finished creating instance of bean 'test_consumer'
2017/08/25 17:01:28,009 DEBUG [main] - Creating shared instance of singleton bean 'com.alibaba.dubbo.config.RegistryConfig'
2017/08/25 17:01:28,009 DEBUG [main] - Creating instance of bean 'com.alibaba.dubbo.config.RegistryConfig'
2017/08/25 17:01:28,009 DEBUG [main] - Eagerly caching bean 'com.alibaba.dubbo.config.RegistryConfig' to allow for resolving potential circular references
2017/08/25 17:01:28,014 DEBUG [main] - Finished creating instance of bean 'com.alibaba.dubbo.config.RegistryConfig'
2017/08/25 17:01:28,014 DEBUG [main] - Creating shared instance of singleton bean 'globalService'
2017/08/25 17:01:28,014 DEBUG [main] - Creating instance of bean 'globalService'
2017/08/25 17:01:28,093 DEBUG [main] -  [DUBBO] package com.alibaba.dubbo.rpc;
import com.alibaba.dubbo.common.extension.ExtensionLoader;
public class Protocol$Adpative implements com.alibaba.dubbo.rpc.Protocol {
public void destroy() {throw new UnsupportedOperationException("method public abstract void com.alibaba.dubbo.rpc.Protocol.destroy() of interface com.alibaba.dubbo.rpc.Protocol is not adaptive method!");
}
public int getDefaultPort() {throw new UnsupportedOperationException("method public abstract int com.alibaba.dubbo.rpc.Protocol.getDefaultPort() of interface com.alibaba.dubbo.rpc.Protocol is not adaptive method!");
}
public com.alibaba.dubbo.rpc.Invoker refer(java.lang.Class arg0, com.alibaba.dubbo.common.URL arg1) throws java.lang.Class {
if (arg1 == null) throw new IllegalArgumentException("url == null");
com.alibaba.dubbo.common.URL url = arg1;
String extName = ( url.getProtocol() == null ? "dubbo" : url.getProtocol() );
if(extName == null) throw new IllegalStateException("Fail to get extension(com.alibaba.dubbo.rpc.Protocol) name from url(" + url.toString() + ") use keys([protocol])");
com.alibaba.dubbo.rpc.Protocol extension = (com.alibaba.dubbo.rpc.Protocol)ExtensionLoader.getExtensionLoader(com.alibaba.dubbo.rpc.Protocol.class).getExtension(extName);
return extension.refer(arg0, arg1);
}
public com.alibaba.dubbo.rpc.Exporter export(com.alibaba.dubbo.rpc.Invoker arg0) throws com.alibaba.dubbo.rpc.Invoker {
if (arg0 == null) throw new IllegalArgumentException("com.alibaba.dubbo.rpc.Invoker argument == null");
if (arg0.getUrl() == null) throw new IllegalArgumentException("com.alibaba.dubbo.rpc.Invoker argument getUrl() == null");com.alibaba.dubbo.common.URL url = arg0.getUrl();
String extName = ( url.getProtocol() == null ? "dubbo" : url.getProtocol() );
if(extName == null) throw new IllegalStateException("Fail to get extension(com.alibaba.dubbo.rpc.Protocol) name from url(" + url.toString() + ") use keys([protocol])");
com.alibaba.dubbo.rpc.Protocol extension = (com.alibaba.dubbo.rpc.Protocol)ExtensionLoader.getExtensionLoader(com.alibaba.dubbo.rpc.Protocol.class).getExtension(extName);
return extension.export(arg0);
}
}, dubbo version: 2.5.3, current host: 127.0.0.1
2017/08/25 17:01:28,208 DEBUG [main] -  [DUBBO] package com.alibaba.dubbo.rpc.cluster;
import com.alibaba.dubbo.common.extension.ExtensionLoader;
public class Cluster$Adpative implements com.alibaba.dubbo.rpc.cluster.Cluster {
public com.alibaba.dubbo.rpc.Invoker join(com.alibaba.dubbo.rpc.cluster.Directory arg0) throws com.alibaba.dubbo.rpc.cluster.Directory {
if (arg0 == null) throw new IllegalArgumentException("com.alibaba.dubbo.rpc.cluster.Directory argument == null");
if (arg0.getUrl() == null) throw new IllegalArgumentException("com.alibaba.dubbo.rpc.cluster.Directory argument getUrl() == null");com.alibaba.dubbo.common.URL url = arg0.getUrl();
String extName = url.getParameter("cluster", "failover");
if(extName == null) throw new IllegalStateException("Fail to get extension(com.alibaba.dubbo.rpc.cluster.Cluster) name from url(" + url.toString() + ") use keys([cluster])");
com.alibaba.dubbo.rpc.cluster.Cluster extension = (com.alibaba.dubbo.rpc.cluster.Cluster)ExtensionLoader.getExtensionLoader(com.alibaba.dubbo.rpc.cluster.Cluster.class).getExtension(extName);
return extension.join(arg0);
}
}, dubbo version: 2.5.3, current host: 127.0.0.1
2017/08/25 17:01:28,223 DEBUG [main] -  [DUBBO] package com.alibaba.dubbo.rpc;
import com.alibaba.dubbo.common.extension.ExtensionLoader;
public class ProxyFactory$Adpative implements com.alibaba.dubbo.rpc.ProxyFactory {
public com.alibaba.dubbo.rpc.Invoker getInvoker(java.lang.Object arg0, java.lang.Class arg1, com.alibaba.dubbo.common.URL arg2) throws java.lang.Object {
if (arg2 == null) throw new IllegalArgumentException("url == null");
com.alibaba.dubbo.common.URL url = arg2;
String extName = url.getParameter("proxy", "javassist");
if(extName == null) throw new IllegalStateException("Fail to get extension(com.alibaba.dubbo.rpc.ProxyFactory) name from url(" + url.toString() + ") use keys([proxy])");
com.alibaba.dubbo.rpc.ProxyFactory extension = (com.alibaba.dubbo.rpc.ProxyFactory)ExtensionLoader.getExtensionLoader(com.alibaba.dubbo.rpc.ProxyFactory.class).getExtension(extName);
return extension.getInvoker(arg0, arg1, arg2);
}
public java.lang.Object getProxy(com.alibaba.dubbo.rpc.Invoker arg0) throws com.alibaba.dubbo.rpc.Invoker {
if (arg0 == null) throw new IllegalArgumentException("com.alibaba.dubbo.rpc.Invoker argument == null");
if (arg0.getUrl() == null) throw new IllegalArgumentException("com.alibaba.dubbo.rpc.Invoker argument getUrl() == null");com.alibaba.dubbo.common.URL url = arg0.getUrl();
String extName = url.getParameter("proxy", "javassist");
if(extName == null) throw new IllegalStateException("Fail to get extension(com.alibaba.dubbo.rpc.ProxyFactory) name from url(" + url.toString() + ") use keys([proxy])");
com.alibaba.dubbo.rpc.ProxyFactory extension = (com.alibaba.dubbo.rpc.ProxyFactory)ExtensionLoader.getExtensionLoader(com.alibaba.dubbo.rpc.ProxyFactory.class).getExtension(extName);
return extension.getProxy(arg0);
}
}, dubbo version: 2.5.3, current host: 127.0.0.1
2017/08/25 17:01:28,240 DEBUG [main] - Eagerly caching bean 'globalService' to allow for resolving potential circular references
2017/08/25 17:01:28,268 DEBUG [main] - Invoking afterPropertiesSet() on bean with name 'globalService'
2017/08/25 17:01:28,268 DEBUG [main] - Returning cached instance of singleton bean 'test_consumer'
2017/08/25 17:01:28,268 DEBUG [main] - Returning cached instance of singleton bean 'com.alibaba.dubbo.config.RegistryConfig'
2017/08/25 17:01:28,268 DEBUG [main] - Finished creating instance of bean 'globalService'
2017/08/25 17:01:28,270 DEBUG [main] - Unable to locate LifecycleProcessor with name 'lifecycleProcessor': using default [org.springframework.context.support.DefaultLifecycleProcessor@6081ad10]
2017/08/25 17:01:28,271 DEBUG [main] - Returning cached instance of singleton bean 'lifecycleProcessor'
2017/08/25 17:01:28,273 DEBUG [main] - Searching for key 'spring.liveBeansView.mbeanDomain' in [systemProperties]
2017/08/25 17:01:28,273 DEBUG [main] - Searching for key 'spring.liveBeansView.mbeanDomain' in [systemEnvironment]
2017/08/25 17:01:28,273 DEBUG [main] - Could not find key 'spring.liveBeansView.mbeanDomain' in any property source. Returning [null]
2017/08/25 17:01:28,274 DEBUG [main] - Returning cached instance of singleton bean 'lifecycleProcessor'
2017/08/25 17:01:28,275  INFO [main] - netty Server 开始启动服务
2017/08/25 17:01:28,286 DEBUG [main] - Using SLF4J as the default logging framework
2017/08/25 17:01:28,290 DEBUG [main] - -Dio.netty.eventLoopThreads: 16
2017/08/25 17:01:28,316 DEBUG [main] - java.nio.Buffer.address: available
2017/08/25 17:01:28,316 DEBUG [main] - sun.misc.Unsafe.theUnsafe: available
2017/08/25 17:01:28,317 DEBUG [main] - sun.misc.Unsafe.copyMemory: available
2017/08/25 17:01:28,317 DEBUG [main] - java.nio.Bits.unaligned: true
2017/08/25 17:01:28,317 DEBUG [main] - Platform: Windows
2017/08/25 17:01:28,317 DEBUG [main] - Java version: 7
2017/08/25 17:01:28,318 DEBUG [main] - -Dio.netty.noUnsafe: false
2017/08/25 17:01:28,318 DEBUG [main] - sun.misc.Unsafe: available
2017/08/25 17:01:28,318 DEBUG [main] - -Dio.netty.noJavassist: false
2017/08/25 17:01:28,328 DEBUG [main] - Javassist: available
2017/08/25 17:01:28,328 DEBUG [main] - -Dio.netty.tmpdir: C:\Users\ADMINI~1\AppData\Local\Temp (java.io.tmpdir)
2017/08/25 17:01:28,328 DEBUG [main] - -Dio.netty.bitMode: 64 (sun.arch.data.model)
2017/08/25 17:01:28,328 DEBUG [main] - -Dio.netty.noPreferDirect: false
2017/08/25 17:01:28,329 DEBUG [main] - -Dio.netty.noKeySetOptimization: false
2017/08/25 17:01:28,329 DEBUG [main] - -Dio.netty.selectorAutoRebuildThreshold: 512
2017/08/25 17:01:28,375 DEBUG [main] - -Dio.netty.processId: 22216 (auto-detected)
2017/08/25 17:01:28,418 DEBUG [main] - -Dio.netty.machineId: 00:00:00:00:00:00:00:e0 (auto-detected)
2017/08/25 17:01:28,419 DEBUG [main] - -Dio.netty.initialSeedUniquifier: 0x99aec9ffb8e92538 (took 15 ms)
2017/08/25 17:01:28,441 DEBUG [main] - -Dio.netty.allocator.numHeapArenas: 8
2017/08/25 17:01:28,441 DEBUG [main] - -Dio.netty.allocator.numDirectArenas: 8
2017/08/25 17:01:28,441 DEBUG [main] - -Dio.netty.allocator.pageSize: 8192
2017/08/25 17:01:28,442 DEBUG [main] - -Dio.netty.allocator.maxOrder: 11
2017/08/25 17:01:28,442 DEBUG [main] - -Dio.netty.allocator.chunkSize: 16777216
2017/08/25 17:01:28,442 DEBUG [main] - -Dio.netty.allocator.tinyCacheSize: 512
2017/08/25 17:01:28,442 DEBUG [main] - -Dio.netty.allocator.smallCacheSize: 256
2017/08/25 17:01:28,442 DEBUG [main] - -Dio.netty.allocator.normalCacheSize: 64
2017/08/25 17:01:28,442 DEBUG [main] - -Dio.netty.allocator.maxCachedBufferCapacity: 32768
2017/08/25 17:01:28,442 DEBUG [main] - -Dio.netty.allocator.cacheTrimInterval: 8192
2017/08/25 17:01:28,446 DEBUG [main] - -Dio.netty.allocator.type: pooled
2017/08/25 17:01:28,446 DEBUG [main] - -Dio.netty.threadLocalDirectBufferSize: 65536
2017/08/25 17:01:28,479 DEBUG [main] - Loopback interface: lo (Software Loopback Interface 1, 127.0.0.1)
2017/08/25 17:01:28,479 DEBUG [main] - \proc\sys\net\core\somaxconn: 200 (non-existent)
2017/08/25 17:01:28,491  INFO [main] - netty Server 服务启动成功 端口:8000
